[0529/092934.987:ERROR:process_reader_win.cc(123)] NtOpenThread: {Access Denied} A process has requested access to an object, but has not been granted those access rights. (0xc0000022)
[0529/092934.995:ERROR:exception_snapshot_win.cc(98)] thread ID 19568 not found in process
[0529/133318.658:ERROR:process_reader_win.cc(188)] ResumeThread: The parameter is incorrect. (0x57)
[0529/133318.661:ERROR:process_reader_win.cc(151)] SuspendThread: Access is denied. (0x5)
[0529/133318.661:ERROR:process_reader_win.cc(151)] SuspendThread: Access is denied. (0x5)
[0529/133318.661:ERROR:process_reader_win.cc(151)] SuspendThread: Access is denied. (0x5)
[0529/133318.662:ERROR:process_reader_win.cc(151)] SuspendThread: Access is denied. (0x5)
[0529/133318.662:ERROR:process_reader_win.cc(151)] SuspendThread: Access is denied. (0x5)
[0529/133318.662:ERROR:process_reader_win.cc(151)] SuspendThread: Access is denied. (0x5)
[0529/133318.662:ERROR:process_reader_win.cc(151)] SuspendThread: Access is denied. (0x5)
[0529/133318.662:ERROR:process_reader_win.cc(151)] SuspendThread: Access is denied. (0x5)
[0529/133318.662:ERROR:process_reader_win.cc(151)] SuspendThread: Access is denied. (0x5)
[0529/133318.662:ERROR:process_reader_win.cc(151)] SuspendThread: Access is denied. (0x5)
[0529/133318.662:ERROR:process_reader_win.cc(151)] SuspendThread: Access is denied. (0x5)
[0529/133318.662:ERROR:process_reader_win.cc(151)] SuspendThread: Access is denied. (0x5)
[0529/133318.662:ERROR:process_reader_win.cc(151)] SuspendThread: Access is denied. (0x5)
[0529/133318.662:ERROR:process_reader_win.cc(151)] SuspendThread: Access is denied. (0x5)
[0529/133318.662:ERROR:exception_snapshot_win.cc(98)] thread ID 11596 not found in process
[0529/133621.657:ERROR:process_reader_win.cc(151)] SuspendThread: Access is denied. (0x5)
[0529/133621.660:ERROR:process_reader_win.cc(151)] SuspendThread: Access is denied. (0x5)
[0529/133621.660:ERROR:process_reader_win.cc(151)] SuspendThread: Access is denied. (0x5)
[0529/133621.660:ERROR:process_reader_win.cc(151)] SuspendThread: Access is denied. (0x5)
[0529/133621.660:ERROR:process_reader_win.cc(151)] SuspendThread: Access is denied. (0x5)
[0529/133621.660:ERROR:process_reader_win.cc(151)] SuspendThread: Access is denied. (0x5)
[0529/133621.660:ERROR:process_reader_win.cc(151)] SuspendThread: Access is denied. (0x5)
[0529/133621.660:ERROR:process_reader_win.cc(123)] NtOpenThread: {Access Denied} A process has requested access to an object, but has not been granted those access rights. (0xc0000022)
[0529/133621.661:ERROR:exception_snapshot_win.cc(98)] thread ID 6672 not found in process
[0529/133621.874:ERROR:process_reader_win.cc(151)] SuspendThread: Access is denied. (0x5)
[0529/133621.875:ERROR:process_reader_win.cc(123)] NtOpenThread: {Access Denied} A process has requested access to an object, but has not been granted those access rights. (0xc0000022)
[0529/133621.875:ERROR:exception_snapshot_win.cc(98)] thread ID 17216 not found in process
[0529/133621.891:ERROR:process_reader_win.cc(151)] SuspendThread: Access is denied. (0x5)
[0529/133621.891:ERROR:process_reader_win.cc(151)] SuspendThread: Access is denied. (0x5)
[0529/133621.891:ERROR:process_reader_win.cc(151)] SuspendThread: Access is denied. (0x5)
[0529/133621.891:ERROR:process_reader_win.cc(151)] SuspendThread: Access is denied. (0x5)
[0529/133621.891:ERROR:process_reader_win.cc(151)] SuspendThread: Access is denied. (0x5)
[0529/133621.891:ERROR:process_reader_win.cc(123)] NtOpenThread: {Access Denied} A process has requested access to an object, but has not been granted those access rights. (0xc0000022)
[0529/133621.891:ERROR:exception_snapshot_win.cc(98)] thread ID 15792 not found in process
[0529/134302.235:ERROR:process_memory_win.cc(73)] ReadMemory at 0x258d1e038d0 of 72 bytes failed: Only part of a ReadProcessMemory or WriteProcessMemory request was completed. (0x12B)
[0529/134302.237:WARNING:pe_image_annotations_reader.cc(134)] could not read annotations list object in C:\Program Files (x86)\Google\Chrome\Application\83.0.4103.61\chrome_elf.dll
[0529/134302.238:ERROR:process_memory_win.cc(73)] ReadMemory at 0x7ffe710c0000 of 64 bytes failed: Only part of a ReadProcessMemory or WriteProcessMemory request was completed. (0x12B)
[0529/134302.238:WARNING:pe_image_reader.cc(340)] could not read dos header from C:\Program Files (x86)\Google\Chrome\Application\83.0.4103.61\chrome.dll
[0529/134302.242:ERROR:process_memory_win.cc(73)] ReadMemory at 0x7ff682550000 of 64 bytes failed: Only part of a ReadProcessMemory or WriteProcessMemory request was completed. (0x12B)
[0529/134302.243:WARNING:pe_image_reader.cc(340)] could not read dos header from C:\Program Files (x86)\Google\Chrome\Application\chrome.exe
[0529/134302.243:ERROR:process_memory_win.cc(73)] ReadMemory at 0x7ffea4d40000 of 64 bytes failed: Only part of a ReadProcessMemory or WriteProcessMemory request was completed. (0x12B)
[0529/134302.243:WARNING:pe_image_reader.cc(340)] could not read dos header from C:\WINDOWS\SYSTEM32\ntdll.dll
[0529/134302.243:ERROR:process_memory_win.cc(73)] ReadMemory at 0x7ffea4860000 of 64 bytes failed: Only part of a ReadProcessMemory or WriteProcessMemory request was completed. (0x12B)
[0529/134302.243:WARNING:pe_image_reader.cc(340)] could not read dos header from C:\WINDOWS\System32\KERNEL32.DLL
[0529/134302.243:ERROR:process_memory_win.cc(73)] ReadMemory at 0x7ffea2390000 of 64 bytes failed: Only part of a ReadProcessMemory or WriteProcessMemory request was completed. (0x12B)
[0529/134302.243:WARNING:pe_image_reader.cc(340)] could not read dos header from C:\WINDOWS\System32\KERNELBASE.dll
[0529/134302.243:ERROR:process_memory_win.cc(73)] ReadMemory at 0x7ffe7ad30000 of 64 bytes failed: Only part of a ReadProcessMemory or WriteProcessMemory request was completed. (0x12B)
[0529/134302.243:WARNING:pe_image_reader.cc(340)] could not read dos header from C:\Program Files (x86)\Google\Chrome\Application\83.0.4103.61\chrome_elf.dll
[0529/134302.243:ERROR:process_memory_win.cc(73)] ReadMemory at 0x7ffe97c70000 of 64 bytes failed: Only part of a ReadProcessMemory or WriteProcessMemory request was completed. (0x12B)
[0529/134302.243:WARNING:pe_image_reader.cc(340)] could not read dos header from C:\WINDOWS\SYSTEM32\VERSION.dll
[0529/134302.243:ERROR:process_memory_win.cc(73)] ReadMemory at 0x7ffea3790000 of 64 bytes failed: Only part of a ReadProcessMemory or WriteProcessMemory request was completed. (0x12B)
[0529/134302.243:WARNING:pe_image_reader.cc(340)] could not read dos header from C:\WINDOWS\System32\msvcrt.dll
[0529/134302.243:ERROR:process_memory_win.cc(73)] ReadMemory at 0x7ffea2310000 of 64 bytes failed: Only part of a ReadProcessMemory or WriteProcessMemory request was completed. (0x12B)
[0529/134302.243:WARNING:pe_image_reader.cc(340)] could not read dos header from C:\WINDOWS\System32\bcryptPrimitives.dll
[0529/134302.243:ERROR:process_memory_win.cc(73)] ReadMemory at 0x7ffea4c50000 of 64 bytes failed: Only part of a ReadProcessMemory or WriteProcessMemory request was completed. (0x12B)
[0529/134302.243:WARNING:pe_image_reader.cc(340)] could not read dos header from C:\WINDOWS\System32\ADVAPI32.dll
[0529/134302.243:ERROR:process_memory_win.cc(73)] ReadMemory at 0x7ffea3630000 of 64 bytes failed: Only part of a ReadProcessMemory or WriteProcessMemory request was completed. (0x12B)
[0529/134302.243:WARNING:pe_image_reader.cc(340)] could not read dos header from C:\WINDOWS\System32\sechost.dll
[0529/134302.243:ERROR:process_memory_win.cc(73)] ReadMemory at 0x7ffea3ff0000 of 64 bytes failed: Only part of a ReadProcessMemory or WriteProcessMemory request was completed. (0x12B)
[0529/134302.243:WARNING:pe_image_reader.cc(340)] could not read dos header from C:\WINDOWS\System32\RPCRT4.dll
[0529/134302.243:ERROR:process_memory_win.cc(73)] ReadMemory at 0x7ffe710c0000 of 64 bytes failed: Only part of a ReadProcessMemory or WriteProcessMemory request was completed. (0x12B)
[0529/134302.243:WARNING:pe_image_reader.cc(340)] could not read dos header from C:\Program Files (x86)\Google\Chrome\Application\83.0.4103.61\chrome.dll
[0529/134302.243:ERROR:process_memory_win.cc(73)] ReadMemory at 0x7ffea4670000 of 64 bytes failed: Only part of a ReadProcessMemory or WriteProcessMemory request was completed. (0x12B)
[0529/134302.243:WARNING:pe_image_reader.cc(340)] could not read dos header from C:\WINDOWS\System32\WS2_32.dll
[0529/134302.243:ERROR:process_memory_win.cc(73)] ReadMemory at 0x7ffea45a0000 of 64 bytes failed: Only part of a ReadProcessMemory or WriteProcessMemory request was completed. (0x12B)
[0529/134302.243:WARNING:pe_image_reader.cc(340)] could not read dos header from C:\WINDOWS\System32\OLEAUT32.dll
[0529/134302.243:ERROR:process_memory_win.cc(73)] ReadMemory at 0x7ffea2210000 of 64 bytes failed: Only part of a ReadProcessMemory or WriteProcessMemory request was completed. (0x12B)
[0529/134302.243:WARNING:pe_image_reader.cc(340)] could not read dos header from C:\WINDOWS\System32\msvcp_win.dll
[0529/134302.243:ERROR:process_memory_win.cc(73)] ReadMemory at 0x7ffea1e20000 of 64 bytes failed: Only part of a ReadProcessMemory or WriteProcessMemory request was completed. (0x12B)
[0529/134302.243:WARNING:pe_image_reader.cc(340)] could not read dos header from C:\WINDOWS\System32\ucrtbase.dll
[0529/134302.243:ERROR:process_memory_win.cc(73)] ReadMemory at 0x7ffea4110000 of 64 bytes failed: Only part of a ReadProcessMemory or WriteProcessMemory request was completed. (0x12B)
[0529/134302.243:WARNING:pe_image_reader.cc(340)] could not read dos header from C:\WINDOWS\System32\combase.dll
[0529/134302.243:ERROR:process_memory_win.cc(73)] ReadMemory at 0x7ffea22b0000 of 64 bytes failed: Only part of a ReadProcessMemory or WriteProcessMemory request was completed. (0x12B)
[0529/134302.244:WARNING:pe_image_reader.cc(340)] could not read dos header from C:\WINDOWS\System32\WINTRUST.dll
[0529/134302.244:ERROR:process_memory_win.cc(73)] ReadMemory at 0x7ffea1c30000 of 64 bytes failed: Only part of a ReadProcessMemory or WriteProcessMemory request was completed. (0x12B)
[0529/134302.244:WARNING:pe_image_reader.cc(340)] could not read dos header from C:\WINDOWS\System32\MSASN1.dll
[0529/134302.244:ERROR:process_memory_win.cc(73)] ReadMemory at 0x7ffea1cd0000 of 64 bytes failed: Only part of a ReadProcessMemory or WriteProcessMemory request was completed. (0x12B)
[0529/134302.244:WARNING:pe_image_reader.cc(340)] could not read dos header from C:\WINDOWS\System32\CRYPT32.dll
[0529/134302.244:ERROR:process_memory_win.cc(73)] ReadMemory at 0x7ffea1120000 of 64 bytes failed: Only part of a ReadProcessMemory or WriteProcessMemory request was completed. (0x12B)
[0529/134302.244:WARNING:pe_image_reader.cc(340)] could not read dos header from C:\WINDOWS\SYSTEM32\IPHLPAPI.DLL
[0529/134302.244:ERROR:process_memory_win.cc(73)] ReadMemory at 0x7ffe9fb60000 of 64 bytes failed: Only part of a ReadProcessMemory or WriteProcessMemory request was completed. (0x12B)
[0529/134302.244:WARNING:pe_image_reader.cc(340)] could not read dos header from C:\WINDOWS\SYSTEM32\WINMM.dll
[0529/134302.244:ERROR:process_memory_win.cc(73)] ReadMemory at 0x7ffe92340000 of 64 bytes failed: Only part of a ReadProcessMemory or WriteProcessMemory request was completed. (0x12B)
[0529/134302.244:WARNING:pe_image_reader.cc(340)] could not read dos header from C:\WINDOWS\SYSTEM32\Secur32.dll
[0529/134302.244:ERROR:process_memory_win.cc(73)] ReadMemory at 0x7ffea1b20000 of 64 bytes failed: Only part of a ReadProcessMemory or WriteProcessMemory request was completed. (0x12B)
[0529/134302.244:WARNING:pe_image_reader.cc(340)] could not read dos header from C:\WINDOWS\SYSTEM32\USERENV.dll
[0529/134302.244:ERROR:process_memory_win.cc(73)] ReadMemory at 0x7ffea1c50000 of 64 bytes failed: Only part of a ReadProcessMemory or WriteProcessMemory request was completed. (0x12B)
[0529/134302.244:WARNING:pe_image_reader.cc(340)] could not read dos header from C:\WINDOWS\System32\profapi.dll
[0529/134302.244:ERROR:process_memory_win.cc(73)] ReadMemory at 0x7ffe85300000 of 64 bytes failed: Only part of a ReadProcessMemory or WriteProcessMemory request was completed. (0x12B)
[0529/134302.244:WARNING:pe_image_reader.cc(340)] could not read dos header from C:\WINDOWS\SYSTEM32\UIAutomationCore.DLL
[0529/134302.244:ERROR:process_memory_win.cc(73)] ReadMemory at 0x7ffe94b70000 of 64 bytes failed: Only part of a ReadProcessMemory or WriteProcessMemory request was completed. (0x12B)
[0529/134302.244:WARNING:pe_image_reader.cc(340)] could not read dos header from C:\WINDOWS\SYSTEM32\DWrite.dll
[0529/134302.244:ERROR:process_memory_win.cc(73)] ReadMemory at 0x7ffe978b0000 of 64 bytes failed: Only part of a ReadProcessMemory or WriteProcessMemory request was completed. (0x12B)
[0529/134302.244:WARNING:pe_image_reader.cc(340)] could not read dos header from C:\WINDOWS\SYSTEM32\WINSPOOL.DRV
[0529/134302.244:ERROR:process_memory_win.cc(73)] ReadMemory at 0x7ffea1c10000 of 64 bytes failed: Only part of a ReadProcessMemory or WriteProcessMemory request was completed. (0x12B)
[0529/134302.244:WARNING:pe_image_reader.cc(340)] could not read dos header from C:\WINDOWS\System32\kernel.appcore.dll
[0529/134302.244:ERROR:process_memory_win.cc(73)] ReadMemory at 0x7ffea1f70000 of 64 bytes failed: Only part of a ReadProcessMemory or WriteProcessMemory request was completed. (0x12B)
[0529/134302.244:WARNING:pe_image_reader.cc(340)] could not read dos header from C:\WINDOWS\System32\bcrypt.dll
[0529/134302.244:ERROR:process_memory_win.cc(73)] ReadMemory at 0x7ffe9c510000 of 64 bytes failed: Only part of a ReadProcessMemory or WriteProcessMemory request was completed. (0x12B)
[0529/134302.244:WARNING:pe_image_reader.cc(340)] could not read dos header from C:\WINDOWS\SYSTEM32\dbghelp.dll
[0529/134302.244:ERROR:process_memory_win.cc(73)] ReadMemory at 0x7ffe9cb40000 of 64 bytes failed: Only part of a ReadProcessMemory or WriteProcessMemory request was completed. (0x12B)
[0529/134302.244:WARNING:pe_image_reader.cc(340)] could not read dos header from C:\WINDOWS\SYSTEM32\WINHTTP.dll
[0529/134302.244:ERROR:process_memory_win.cc(73)] ReadMemory at 0x7ffe9b620000 of 64 bytes failed: Only part of a ReadProcessMemory or WriteProcessMemory request was completed. (0x12B)
[0529/134302.244:WARNING:pe_image_reader.cc(340)] could not read dos header from C:\WINDOWS\SYSTEM32\dhcpcsvc.DLL
[0529/134302.244:ERROR:process_memory_win.cc(73)] ReadMemory at 0x7ffea4450000 of 64 bytes failed: Only part of a ReadProcessMemory or WriteProcessMemory request was completed. (0x12B)
[0529/134302.245:WARNING:pe_image_reader.cc(340)] could not read dos header from C:\WINDOWS\System32\NSI.dll
[0529/134302.245:ERROR:process_memory_win.cc(73)] ReadMemory at 0x7ffe9f7c0000 of 64 bytes failed: Only part of a ReadProcessMemory or WriteProcessMemory request was completed. (0x12B)
[0529/134302.245:WARNING:pe_image_reader.cc(340)] could not read dos header from C:\WINDOWS\SYSTEM32\WINMMBASE.dll
[0529/134302.245:ERROR:process_memory_win.cc(73)] ReadMemory at 0x7ffea1f20000 of 64 bytes failed: Only part of a ReadProcessMemory or WriteProcessMemory request was completed. (0x12B)
[0529/134302.245:WARNING:pe_image_reader.cc(340)] could not read dos header from C:\WINDOWS\System32\cfgmgr32.dll
[0529/134302.245:ERROR:process_memory_win.cc(73)] ReadMemory at 0x7ffe9e5b0000 of 64 bytes failed: Only part of a ReadProcessMemory or WriteProcessMemory request was completed. (0x12B)
[0529/134302.245:WARNING:pe_image_reader.cc(340)] could not read dos header from C:\WINDOWS\SYSTEM32\PROPSYS.dll
[0529/134302.245:ERROR:process_memory_win.cc(73)] ReadMemory at 0x7ffea3ad0000 of 64 bytes failed: Only part of a ReadProcessMemory or WriteProcessMemory request was completed. (0x12B)
[0529/134302.245:WARNING:pe_image_reader.cc(340)] could not read dos header from C:\WINDOWS\System32\shcore.dll
[0529/134302.245:ERROR:process_memory_win.cc(73)] ReadMemory at 0x7ffea1af0000 of 64 bytes failed: Only part of a ReadProcessMemory or WriteProcessMemory request was completed. (0x12B)
[0529/134302.245:WARNING:pe_image_reader.cc(340)] could not read dos header from C:\WINDOWS\SYSTEM32\SSPICLI.DLL
[0529/134302.245:ERROR:process_memory_win.cc(73)] ReadMemory at 0x7ffea2e50000 of 64 bytes failed: Only part of a ReadProcessMemory or WriteProcessMemory request was completed. (0x12B)
[0529/134302.245:WARNING:pe_image_reader.cc(340)] could not read dos header from C:\WINDOWS\System32\SHELL32.dll
[0529/134302.245:ERROR:process_memory_win.cc(73)] ReadMemory at 0x7ffea2670000 of 64 bytes failed: Only part of a ReadProcessMemory or WriteProcessMemory request was completed. (0x12B)
[0529/134302.245:WARNING:pe_image_reader.cc(340)] could not read dos header from C:\WINDOWS\System32\windows.storage.dll
[0529/134302.245:ERROR:process_memory_win.cc(73)] ReadMemory at 0x7ffea1c80000 of 64 bytes failed: Only part of a ReadProcessMemory or WriteProcessMemory request was completed. (0x12B)
[0529/134302.245:WARNING:pe_image_reader.cc(340)] could not read dos header from C:\WINDOWS\System32\powrprof.dll
[0529/134302.245:ERROR:process_memory_win.cc(73)] ReadMemory at 0x7ffea1c00000 of 64 bytes failed: Only part of a ReadProcessMemory or WriteProcessMemory request was completed. (0x12B)
[0529/134302.245:WARNING:pe_image_reader.cc(340)] could not read dos header from C:\WINDOWS\System32\UMPDC.dll
[0529/134302.245:ERROR:process_memory_win.cc(73)] ReadMemory at 0x7ffea2df0000 of 64 bytes failed: Only part of a ReadProcessMemory or WriteProcessMemory request was completed. (0x12B)
[0529/134302.245:WARNING:pe_image_reader.cc(340)] could not read dos header from C:\WINDOWS\System32\shlwapi.dll
[0529/134302.245:ERROR:process_memory_win.cc(73)] ReadMemory at 0x7ffea3aa0000 of 64 bytes failed: Only part of a ReadProcessMemory or WriteProcessMemory request was completed. (0x12B)
[0529/134302.245:WARNING:pe_image_reader.cc(340)] could not read dos header from C:\WINDOWS\System32\GDI32.dll
[0529/134302.245:ERROR:process_memory_win.cc(73)] ReadMemory at 0x7ffea2640000 of 64 bytes failed: Only part of a ReadProcessMemory or WriteProcessMemory request was completed. (0x12B)
[0529/134302.245:WARNING:pe_image_reader.cc(340)] could not read dos header from C:\WINDOWS\System32\win32u.dll
[0529/134302.245:ERROR:process_memory_win.cc(73)] ReadMemory at 0x7ffea2070000 of 64 bytes failed: Only part of a ReadProcessMemory or WriteProcessMemory request was completed. (0x12B)
[0529/134302.245:WARNING:pe_image_reader.cc(340)] could not read dos header from C:\WINDOWS\System32\gdi32full.dll
[0529/134302.245:ERROR:process_memory_win.cc(73)] ReadMemory at 0x7ffea3890000 of 64 bytes failed: Only part of a ReadProcessMemory or WriteProcessMemory request was completed. (0x12B)
[0529/134302.245:WARNING:pe_image_reader.cc(340)] could not read dos header from C:\WINDOWS\System32\USER32.dll
[0529/134302.245:ERROR:process_memory_win.cc(73)] ReadMemory at 0x7ffea1fa0000 of 64 bytes failed: Only part of a ReadProcessMemory or WriteProcessMemory request was completed. (0x12B)
[0529/134302.245:WARNING:pe_image_reader.cc(340)] could not read dos header from C:\WINDOWS\System32\cryptsp.dll
[0529/134302.245:ERROR:process_memory_win.cc(73)] ReadMemory at 0x7ffea4830000 of 64 bytes failed: Only part of a ReadProcessMemory or WriteProcessMemory request was completed. (0x12B)
[0529/134302.245:WARNING:pe_image_reader.cc(340)] could not read dos header from C:\WINDOWS\System32\IMM32.DLL
[0529/134302.245:ERROR:process_memory_win.cc(73)] ReadMemory at 0x7ffea1640000 of 64 bytes failed: Only part of a ReadProcessMemory or WriteProcessMemory request was completed. (0x12B)
[0529/134302.246:WARNING:pe_image_reader.cc(340)] could not read dos header from C:\WINDOWS\SYSTEM32\CRYPTBASE.DLL
[0529/134302.246:ERROR:process_memory_win.cc(73)] ReadMemory at 0x7ff682550000 of 64 bytes failed: Only part of a ReadProcessMemory or WriteProcessMemory request was completed. (0x12B)
[0529/134302.246:WARNING:pe_image_reader.cc(340)] could not read dos header from C:\Program Files (x86)\Google\Chrome\Application\chrome.exe
[0529/134302.246:ERROR:process_memory_win.cc(73)] ReadMemory at 0x7ffea4d40000 of 64 bytes failed: Only part of a ReadProcessMemory or WriteProcessMemory request was completed. (0x12B)
[0529/134302.246:WARNING:pe_image_reader.cc(340)] could not read dos header from C:\WINDOWS\SYSTEM32\ntdll.dll
[0529/134302.246:ERROR:process_memory_win.cc(73)] ReadMemory at 0x7ffea4860000 of 64 bytes failed: Only part of a ReadProcessMemory or WriteProcessMemory request was completed. (0x12B)
[0529/134302.246:WARNING:pe_image_reader.cc(340)] could not read dos header from C:\WINDOWS\System32\KERNEL32.DLL
[0529/134302.246:ERROR:process_memory_win.cc(73)] ReadMemory at 0x7ffea2390000 of 64 bytes failed: Only part of a ReadProcessMemory or WriteProcessMemory request was completed. (0x12B)
[0529/134302.246:WARNING:pe_image_reader.cc(340)] could not read dos header from C:\WINDOWS\System32\KERNELBASE.dll
[0529/134302.246:ERROR:process_memory_win.cc(73)] ReadMemory at 0x7ffe7ad30000 of 64 bytes failed: Only part of a ReadProcessMemory or WriteProcessMemory request was completed. (0x12B)
[0529/134302.246:WARNING:pe_image_reader.cc(340)] could not read dos header from C:\Program Files (x86)\Google\Chrome\Application\83.0.4103.61\chrome_elf.dll
[0529/134302.246:ERROR:process_memory_win.cc(73)] ReadMemory at 0x7ffe97c70000 of 64 bytes failed: Only part of a ReadProcessMemory or WriteProcessMemory request was completed. (0x12B)
[0529/134302.246:WARNING:pe_image_reader.cc(340)] could not read dos header from C:\WINDOWS\SYSTEM32\VERSION.dll
[0529/134302.246:ERROR:process_memory_win.cc(73)] ReadMemory at 0x7ffea3790000 of 64 bytes failed: Only part of a ReadProcessMemory or WriteProcessMemory request was completed. (0x12B)
[0529/134302.246:WARNING:pe_image_reader.cc(340)] could not read dos header from C:\WINDOWS\System32\msvcrt.dll
[0529/134302.246:ERROR:process_memory_win.cc(73)] ReadMemory at 0x7ffea2310000 of 64 bytes failed: Only part of a ReadProcessMemory or WriteProcessMemory request was completed. (0x12B)
[0529/134302.246:WARNING:pe_image_reader.cc(340)] could not read dos header from C:\WINDOWS\System32\bcryptPrimitives.dll
[0529/134302.246:ERROR:process_memory_win.cc(73)] ReadMemory at 0x7ffea4c50000 of 64 bytes failed: Only part of a ReadProcessMemory or WriteProcessMemory request was completed. (0x12B)
[0529/134302.246:WARNING:pe_image_reader.cc(340)] could not read dos header from C:\WINDOWS\System32\ADVAPI32.dll
[0529/134302.246:ERROR:process_memory_win.cc(73)] ReadMemory at 0x7ffea3630000 of 64 bytes failed: Only part of a ReadProcessMemory or WriteProcessMemory request was completed. (0x12B)
[0529/134302.246:WARNING:pe_image_reader.cc(340)] could not read dos header from C:\WINDOWS\System32\sechost.dll
[0529/134302.246:ERROR:process_memory_win.cc(73)] ReadMemory at 0x7ffea3ff0000 of 64 bytes failed: Only part of a ReadProcessMemory or WriteProcessMemory request was completed. (0x12B)
[0529/134302.246:WARNING:pe_image_reader.cc(340)] could not read dos header from C:\WINDOWS\System32\RPCRT4.dll
[0529/134302.246:ERROR:process_memory_win.cc(73)] ReadMemory at 0x7ffe710c0000 of 64 bytes failed: Only part of a ReadProcessMemory or WriteProcessMemory request was completed. (0x12B)
[0529/134302.246:WARNING:pe_image_reader.cc(340)] could not read dos header from C:\Program Files (x86)\Google\Chrome\Application\83.0.4103.61\chrome.dll
[0529/134302.246:ERROR:process_memory_win.cc(73)] ReadMemory at 0x7ffea4670000 of 64 bytes failed: Only part of a ReadProcessMemory or WriteProcessMemory request was completed. (0x12B)
[0529/134302.246:WARNING:pe_image_reader.cc(340)] could not read dos header from C:\WINDOWS\System32\WS2_32.dll
[0529/134302.246:ERROR:process_memory_win.cc(73)] ReadMemory at 0x7ffea45a0000 of 64 bytes failed: Only part of a ReadProcessMemory or WriteProcessMemory request was completed. (0x12B)
[0529/134302.246:WARNING:pe_image_reader.cc(340)] could not read dos header from C:\WINDOWS\System32\OLEAUT32.dll
[0529/134302.246:ERROR:process_memory_win.cc(73)] ReadMemory at 0x7ffea2210000 of 64 bytes failed: Only part of a ReadProcessMemory or WriteProcessMemory request was completed. (0x12B)
[0529/134302.246:WARNING:pe_image_reader.cc(340)] could not read dos header from C:\WINDOWS\System32\msvcp_win.dll
[0529/134302.246:ERROR:process_memory_win.cc(73)] ReadMemory at 0x7ffea1e20000 of 64 bytes failed: Only part of a ReadProcessMemory or WriteProcessMemory request was completed. (0x12B)
[0529/134302.246:WARNING:pe_image_reader.cc(340)] could not read dos header from C:\WINDOWS\System32\ucrtbase.dll
[0529/134302.246:ERROR:process_memory_win.cc(73)] ReadMemory at 0x7ffea4110000 of 64 bytes failed: Only part of a ReadProcessMemory or WriteProcessMemory request was completed. (0x12B)
[0529/134302.246:WARNING:pe_image_reader.cc(340)] could not read dos header from C:\WINDOWS\System32\combase.dll
[0529/134302.246:ERROR:process_memory_win.cc(73)] ReadMemory at 0x7ffea22b0000 of 64 bytes failed: Only part of a ReadProcessMemory or WriteProcessMemory request was completed. (0x12B)
[0529/134302.246:WARNING:pe_image_reader.cc(340)] could not read dos header from C:\WINDOWS\System32\WINTRUST.dll
[0529/134302.246:ERROR:process_memory_win.cc(73)] ReadMemory at 0x7ffea1c30000 of 64 bytes failed: Only part of a ReadProcessMemory or WriteProcessMemory request was completed. (0x12B)
[0529/134302.247:WARNING:pe_image_reader.cc(340)] could not read dos header from C:\WINDOWS\System32\MSASN1.dll
[0529/134302.247:ERROR:process_memory_win.cc(73)] ReadMemory at 0x7ffea1cd0000 of 64 bytes failed: Only part of a ReadProcessMemory or WriteProcessMemory request was completed. (0x12B)
[0529/134302.247:WARNING:pe_image_reader.cc(340)] could not read dos header from C:\WINDOWS\System32\CRYPT32.dll
[0529/134302.247:ERROR:process_memory_win.cc(73)] ReadMemory at 0x7ffea1120000 of 64 bytes failed: Only part of a ReadProcessMemory or WriteProcessMemory request was completed. (0x12B)
[0529/134302.247:WARNING:pe_image_reader.cc(340)] could not read dos header from C:\WINDOWS\SYSTEM32\IPHLPAPI.DLL
[0529/134302.247:ERROR:process_memory_win.cc(73)] ReadMemory at 0x7ffe9fb60000 of 64 bytes failed: Only part of a ReadProcessMemory or WriteProcessMemory request was completed. (0x12B)
[0529/134302.247:WARNING:pe_image_reader.cc(340)] could not read dos header from C:\WINDOWS\SYSTEM32\WINMM.dll
[0529/134302.247:ERROR:process_memory_win.cc(73)] ReadMemory at 0x7ffe92340000 of 64 bytes failed: Only part of a ReadProcessMemory or WriteProcessMemory request was completed. (0x12B)
[0529/134302.247:WARNING:pe_image_reader.cc(340)] could not read dos header from C:\WINDOWS\SYSTEM32\Secur32.dll
[0529/134302.247:ERROR:process_memory_win.cc(73)] ReadMemory at 0x7ffea1b20000 of 64 bytes failed: Only part of a ReadProcessMemory or WriteProcessMemory request was completed. (0x12B)
[0529/134302.247:WARNING:pe_image_reader.cc(340)] could not read dos header from C:\WINDOWS\SYSTEM32\USERENV.dll
[0529/134302.247:ERROR:process_memory_win.cc(73)] ReadMemory at 0x7ffea1c50000 of 64 bytes failed: Only part of a ReadProcessMemory or WriteProcessMemory request was completed. (0x12B)
[0529/134302.247:WARNING:pe_image_reader.cc(340)] could not read dos header from C:\WINDOWS\System32\profapi.dll
[0529/134302.247:ERROR:process_memory_win.cc(73)] ReadMemory at 0x7ffe85300000 of 64 bytes failed: Only part of a ReadProcessMemory or WriteProcessMemory request was completed. (0x12B)
[0529/134302.247:WARNING:pe_image_reader.cc(340)] could not read dos header from C:\WINDOWS\SYSTEM32\UIAutomationCore.DLL
[0529/134302.247:ERROR:process_memory_win.cc(73)] ReadMemory at 0x7ffe94b70000 of 64 bytes failed: Only part of a ReadProcessMemory or WriteProcessMemory request was completed. (0x12B)
[0529/134302.247:WARNING:pe_image_reader.cc(340)] could not read dos header from C:\WINDOWS\SYSTEM32\DWrite.dll
[0529/134302.247:ERROR:process_memory_win.cc(73)] ReadMemory at 0x7ffe978b0000 of 64 bytes failed: Only part of a ReadProcessMemory or WriteProcessMemory request was completed. (0x12B)
[0529/134302.247:WARNING:pe_image_reader.cc(340)] could not read dos header from C:\WINDOWS\SYSTEM32\WINSPOOL.DRV
[0529/134302.247:ERROR:process_memory_win.cc(73)] ReadMemory at 0x7ffea1c10000 of 64 bytes failed: Only part of a ReadProcessMemory or WriteProcessMemory request was completed. (0x12B)
[0529/134302.247:WARNING:pe_image_reader.cc(340)] could not read dos header from C:\WINDOWS\System32\kernel.appcore.dll
[0529/134302.247:ERROR:process_memory_win.cc(73)] ReadMemory at 0x7ffea1f70000 of 64 bytes failed: Only part of a ReadProcessMemory or WriteProcessMemory request was completed. (0x12B)
[0529/134302.247:WARNING:pe_image_reader.cc(340)] could not read dos header from C:\WINDOWS\System32\bcrypt.dll
[0529/134302.247:ERROR:process_memory_win.cc(73)] ReadMemory at 0x7ffe9c510000 of 64 bytes failed: Only part of a ReadProcessMemory or WriteProcessMemory request was completed. (0x12B)
[0529/134302.247:WARNING:pe_image_reader.cc(340)] could not read dos header from C:\WINDOWS\SYSTEM32\dbghelp.dll
[0529/134302.247:ERROR:process_memory_win.cc(73)] ReadMemory at 0x7ffe9cb40000 of 64 bytes failed: Only part of a ReadProcessMemory or WriteProcessMemory request was completed. (0x12B)
[0529/134302.247:WARNING:pe_image_reader.cc(340)] could not read dos header from C:\WINDOWS\SYSTEM32\WINHTTP.dll
[0529/134302.247:ERROR:process_memory_win.cc(73)] ReadMemory at 0x7ffe9b620000 of 64 bytes failed: Only part of a ReadProcessMemory or WriteProcessMemory request was completed. (0x12B)
[0529/134302.247:WARNING:pe_image_reader.cc(340)] could not read dos header from C:\WINDOWS\SYSTEM32\dhcpcsvc.DLL
[0529/134302.247:ERROR:process_memory_win.cc(73)] ReadMemory at 0x7ffea4450000 of 64 bytes failed: Only part of a ReadProcessMemory or WriteProcessMemory request was completed. (0x12B)
[0529/134302.247:WARNING:pe_image_reader.cc(340)] could not read dos header from C:\WINDOWS\System32\NSI.dll
[0529/134302.247:ERROR:process_memory_win.cc(73)] ReadMemory at 0x7ffe9f7c0000 of 64 bytes failed: Only part of a ReadProcessMemory or WriteProcessMemory request was completed. (0x12B)
[0529/134302.247:WARNING:pe_image_reader.cc(340)] could not read dos header from C:\WINDOWS\SYSTEM32\WINMMBASE.dll
[0529/134302.248:ERROR:process_memory_win.cc(73)] ReadMemory at 0x7ffea1f20000 of 64 bytes failed: Only part of a ReadProcessMemory or WriteProcessMemory request was completed. (0x12B)
[0529/134302.248:WARNING:pe_image_reader.cc(340)] could not read dos header from C:\WINDOWS\System32\cfgmgr32.dll
[0529/134302.248:ERROR:process_memory_win.cc(73)] ReadMemory at 0x7ffe9e5b0000 of 64 bytes failed: Only part of a ReadProcessMemory or WriteProcessMemory request was completed. (0x12B)
[0529/134302.248:WARNING:pe_image_reader.cc(340)] could not read dos header from C:\WINDOWS\SYSTEM32\PROPSYS.dll
[0529/134302.248:ERROR:process_memory_win.cc(73)] ReadMemory at 0x7ffea3ad0000 of 64 bytes failed: Only part of a ReadProcessMemory or WriteProcessMemory request was completed. (0x12B)
[0529/134302.248:WARNING:pe_image_reader.cc(340)] could not read dos header from C:\WINDOWS\System32\shcore.dll
[0529/134302.248:ERROR:process_memory_win.cc(73)] ReadMemory at 0x7ffea1af0000 of 64 bytes failed: Only part of a ReadProcessMemory or WriteProcessMemory request was completed. (0x12B)
[0529/134302.248:WARNING:pe_image_reader.cc(340)] could not read dos header from C:\WINDOWS\SYSTEM32\SSPICLI.DLL
[0529/134302.248:ERROR:process_memory_win.cc(73)] ReadMemory at 0x7ffea2e50000 of 64 bytes failed: Only part of a ReadProcessMemory or WriteProcessMemory request was completed. (0x12B)
[0529/134302.248:WARNING:pe_image_reader.cc(340)] could not read dos header from C:\WINDOWS\System32\SHELL32.dll
[0529/134302.248:ERROR:process_memory_win.cc(73)] ReadMemory at 0x7ffea2670000 of 64 bytes failed: Only part of a ReadProcessMemory or WriteProcessMemory request was completed. (0x12B)
[0529/134302.248:WARNING:pe_image_reader.cc(340)] could not read dos header from C:\WINDOWS\System32\windows.storage.dll
[0529/134302.248:ERROR:process_memory_win.cc(73)] ReadMemory at 0x7ffea1c80000 of 64 bytes failed: Only part of a ReadProcessMemory or WriteProcessMemory request was completed. (0x12B)
[0529/134302.248:WARNING:pe_image_reader.cc(340)] could not read dos header from C:\WINDOWS\System32\powrprof.dll
[0529/134302.248:ERROR:process_memory_win.cc(73)] ReadMemory at 0x7ffea1c00000 of 64 bytes failed: Only part of a ReadProcessMemory or WriteProcessMemory request was completed. (0x12B)
[0529/134302.248:WARNING:pe_image_reader.cc(340)] could not read dos header from C:\WINDOWS\System32\UMPDC.dll
[0529/134302.248:ERROR:process_memory_win.cc(73)] ReadMemory at 0x7ffea2df0000 of 64 bytes failed: Only part of a ReadProcessMemory or WriteProcessMemory request was completed. (0x12B)
[0529/134302.248:WARNING:pe_image_reader.cc(340)] could not read dos header from C:\WINDOWS\System32\shlwapi.dll
[0529/134302.248:ERROR:process_memory_win.cc(73)] ReadMemory at 0x7ffea3aa0000 of 64 bytes failed: Only part of a ReadProcessMemory or WriteProcessMemory request was completed. (0x12B)
[0529/134302.248:WARNING:pe_image_reader.cc(340)] could not read dos header from C:\WINDOWS\System32\GDI32.dll
[0529/134302.248:ERROR:process_memory_win.cc(73)] ReadMemory at 0x7ffea2640000 of 64 bytes failed: Only part of a ReadProcessMemory or WriteProcessMemory request was completed. (0x12B)
[0529/134302.248:WARNING:pe_image_reader.cc(340)] could not read dos header from C:\WINDOWS\System32\win32u.dll
[0529/134302.249:ERROR:process_memory_win.cc(73)] ReadMemory at 0x7ffea2070000 of 64 bytes failed: Only part of a ReadProcessMemory or WriteProcessMemory request was completed. (0x12B)
[0529/134302.249:WARNING:pe_image_reader.cc(340)] could not read dos header from C:\WINDOWS\System32\gdi32full.dll
[0529/134302.249:ERROR:process_memory_win.cc(73)] ReadMemory at 0x7ffea3890000 of 64 bytes failed: Only part of a ReadProcessMemory or WriteProcessMemory request was completed. (0x12B)
[0529/134302.249:WARNING:pe_image_reader.cc(340)] could not read dos header from C:\WINDOWS\System32\USER32.dll
[0529/134302.249:ERROR:process_memory_win.cc(73)] ReadMemory at 0x7ffea1fa0000 of 64 bytes failed: Only part of a ReadProcessMemory or WriteProcessMemory request was completed. (0x12B)
[0529/134302.249:WARNING:pe_image_reader.cc(340)] could not read dos header from C:\WINDOWS\System32\cryptsp.dll
[0529/134302.249:ERROR:process_memory_win.cc(73)] ReadMemory at 0x7ffea4830000 of 64 bytes failed: Only part of a ReadProcessMemory or WriteProcessMemory request was completed. (0x12B)
[0529/134302.249:WARNING:pe_image_reader.cc(340)] could not read dos header from C:\WINDOWS\System32\IMM32.DLL
[0529/134302.249:ERROR:process_memory_win.cc(73)] ReadMemory at 0x7ffea1640000 of 64 bytes failed: Only part of a ReadProcessMemory or WriteProcessMemory request was completed. (0x12B)
[0529/134302.249:WARNING:pe_image_reader.cc(340)] could not read dos header from C:\WINDOWS\SYSTEM32\CRYPTBASE.DLL
[0529/134302.273:ERROR:process_memory_win.cc(73)] ReadMemory at 0x6f84beb000 of 86016 bytes failed: Only part of a ReadProcessMemory or WriteProcessMemory request was completed. (0x12B)
[0529/134302.273:ERROR:process_memory_win.cc(73)] ReadMemory at 0x6f853fd000 of 12288 bytes failed: Only part of a ReadProcessMemory or WriteProcessMemory request was completed. (0x12B)
[0529/134302.273:ERROR:process_memory_win.cc(73)] ReadMemory at 0x6f85bf6000 of 40960 bytes failed: Only part of a ReadProcessMemory or WriteProcessMemory request was completed. (0x12B)
[0529/134302.273:ERROR:process_memory_win.cc(73)] ReadMemory at 0x6f863fd000 of 12288 bytes failed: Only part of a ReadProcessMemory or WriteProcessMemory request was completed. (0x12B)
[0529/134302.273:ERROR:process_memory_win.cc(73)] ReadMemory at 0x6f86bfc000 of 16384 bytes failed: Only part of a ReadProcessMemory or WriteProcessMemory request was completed. (0x12B)
[0529/134302.273:ERROR:process_memory_win.cc(73)] ReadMemory at 0x6f873fe000 of 8192 bytes failed: Only part of a ReadProcessMemory or WriteProcessMemory request was completed. (0x12B)
[0529/134302.273:ERROR:process_memory_win.cc(73)] ReadMemory at 0x6f87bfd000 of 12288 bytes failed: Only part of a ReadProcessMemory or WriteProcessMemory request was completed. (0x12B)
[0529/134302.273:ERROR:process_memory_win.cc(73)] ReadMemory at 0x6f883fb000 of 20480 bytes failed: Only part of a ReadProcessMemory or WriteProcessMemory request was completed. (0x12B)
[0529/134302.274:ERROR:process_memory_win.cc(73)] ReadMemory at 0x6f88bfb000 of 20480 bytes failed: Only part of a ReadProcessMemory or WriteProcessMemory request was completed. (0x12B)
[0529/134302.274:ERROR:process_memory_win.cc(73)] ReadMemory at 0x6f893f5000 of 45056 bytes failed: Only part of a ReadProcessMemory or WriteProcessMemory request was completed. (0x12B)
[0529/134302.274:ERROR:process_memory_win.cc(73)] ReadMemory at 0x6f89bf6000 of 40960 bytes failed: Only part of a ReadProcessMemory or WriteProcessMemory request was completed. (0x12B)
[0529/134302.274:ERROR:process_memory_win.cc(73)] ReadMemory at 0x6f8a3fc000 of 16384 bytes failed: Only part of a ReadProcessMemory or WriteProcessMemory request was completed. (0x12B)
[0529/134302.274:ERROR:process_memory_win.cc(73)] ReadMemory at 0x6f8b3f7000 of 36864 bytes failed: Only part of a ReadProcessMemory or WriteProcessMemory request was completed. (0x12B)
[0529/134302.274:ERROR:process_memory_win.cc(73)] ReadMemory at 0x6f8bbfd000 of 12288 bytes failed: Only part of a ReadProcessMemory or WriteProcessMemory request was completed. (0x12B)
[0529/134302.274:ERROR:process_memory_win.cc(73)] ReadMemory at 0x6f8cbf6000 of 40960 bytes failed: Only part of a ReadProcessMemory or WriteProcessMemory request was completed. (0x12B)
[0529/134302.274:ERROR:process_memory_win.cc(73)] ReadMemory at 0x6f8dbfb000 of 20480 bytes failed: Only part of a ReadProcessMemory or WriteProcessMemory request was completed. (0x12B)
[0529/134302.274:ERROR:process_memory_win.cc(73)] ReadMemory at 0x6f8abf8000 of 32768 bytes failed: Only part of a ReadProcessMemory or WriteProcessMemory request was completed. (0x12B)
[0529/134302.274:ERROR:process_memory_win.cc(73)] ReadMemory at 0x6f8d3fd000 of 12288 bytes failed: Only part of a ReadProcessMemory or WriteProcessMemory request was completed. (0x12B)
[0529/134302.274:ERROR:process_memory_win.cc(73)] ReadMemory at 0x6f8425e000 of 852 bytes failed: Only part of a ReadProcessMemory or WriteProcessMemory request was completed. (0x12B)
[0529/134302.274:ERROR:process_memory_win.cc(73)] ReadMemory at 0x6f8425f000 of 6024 bytes failed: Only part of a ReadProcessMemory or WriteProcessMemory request was completed. (0x12B)
[0529/134302.274:ERROR:process_memory_win.cc(73)] ReadMemory at 0x6f84261000 of 6024 bytes failed: Only part of a ReadProcessMemory or WriteProcessMemory request was completed. (0x12B)
[0529/134302.274:ERROR:process_memory_win.cc(73)] ReadMemory at 0x6f84263000 of 6024 bytes failed: Only part of a ReadProcessMemory or WriteProcessMemory request was completed. (0x12B)
[0529/134302.274:ERROR:process_memory_win.cc(73)] ReadMemory at 0x6f84265000 of 6024 bytes failed: Only part of a ReadProcessMemory or WriteProcessMemory request was completed. (0x12B)
[0529/134302.275:ERROR:process_memory_win.cc(73)] ReadMemory at 0x6f84267000 of 6024 bytes failed: Only part of a ReadProcessMemory or WriteProcessMemory request was completed. (0x12B)
[0529/134302.275:ERROR:process_memory_win.cc(73)] ReadMemory at 0x6f84269000 of 6024 bytes failed: Only part of a ReadProcessMemory or WriteProcessMemory request was completed. (0x12B)
[0529/134302.275:ERROR:process_memory_win.cc(73)] ReadMemory at 0x6f8426b000 of 6024 bytes failed: Only part of a ReadProcessMemory or WriteProcessMemory request was completed. (0x12B)
[0529/134302.275:ERROR:process_memory_win.cc(73)] ReadMemory at 0x6f8426d000 of 6024 bytes failed: Only part of a ReadProcessMemory or WriteProcessMemory request was completed. (0x12B)
[0529/134302.275:ERROR:process_memory_win.cc(73)] ReadMemory at 0x6f8426f000 of 6024 bytes failed: Only part of a ReadProcessMemory or WriteProcessMemory request was completed. (0x12B)
[0529/134302.275:ERROR:process_memory_win.cc(73)] ReadMemory at 0x6f84271000 of 6024 bytes failed: Only part of a ReadProcessMemory or WriteProcessMemory request was completed. (0x12B)
[0529/134302.275:ERROR:process_memory_win.cc(73)] ReadMemory at 0x6f84273000 of 6024 bytes failed: Only part of a ReadProcessMemory or WriteProcessMemory request was completed. (0x12B)
[0529/134302.275:ERROR:process_memory_win.cc(73)] ReadMemory at 0x6f84275000 of 6024 bytes failed: Only part of a ReadProcessMemory or WriteProcessMemory request was completed. (0x12B)
[0529/134302.275:ERROR:process_memory_win.cc(73)] ReadMemory at 0x6f84279000 of 6024 bytes failed: Only part of a ReadProcessMemory or WriteProcessMemory request was completed. (0x12B)
[0529/134302.275:ERROR:process_memory_win.cc(73)] ReadMemory at 0x6f8427b000 of 6024 bytes failed: Only part of a ReadProcessMemory or WriteProcessMemory request was completed. (0x12B)
[0529/134302.275:ERROR:process_memory_win.cc(73)] ReadMemory at 0x6f8427f000 of 6024 bytes failed: Only part of a ReadProcessMemory or WriteProcessMemory request was completed. (0x12B)
[0529/134302.275:ERROR:process_memory_win.cc(73)] ReadMemory at 0x6f84283000 of 6024 bytes failed: Only part of a ReadProcessMemory or WriteProcessMemory request was completed. (0x12B)
[0529/134302.275:ERROR:process_memory_win.cc(73)] ReadMemory at 0x6f84289000 of 6024 bytes failed: Only part of a ReadProcessMemory or WriteProcessMemory request was completed. (0x12B)
[0529/134302.275:ERROR:process_memory_win.cc(73)] ReadMemory at 0x6f8428b000 of 6024 bytes failed: Only part of a ReadProcessMemory or WriteProcessMemory request was completed. (0x12B)
[0529/134302.275:ERROR:process_memory_win.cc(73)] ReadMemory at 0x258d1cdff80 of 512 bytes failed: Only part of a ReadProcessMemory or WriteProcessMemory request was completed. (0x12B)
[0529/134302.275:ERROR:process_memory_win.cc(73)] ReadMemory at 0x258d1ce0990 of 528 bytes failed: Only part of a ReadProcessMemory or WriteProcessMemory request was completed. (0x12B)
[0529/134302.276:ERROR:process_memory_win.cc(73)] ReadMemory at 0x258d1e10fe0 of 7134 bytes failed: Only part of a ReadProcessMemory or WriteProcessMemory request was completed. (0x12B)
[0529/134302.276:ERROR:process_memory_win.cc(73)] ReadMemory at 0x258d1e12bd0 of 1012 bytes failed: Only part of a ReadProcessMemory or WriteProcessMemory request was completed. (0x12B)
[0529/134302.276:ERROR:process_memory_win.cc(73)] ReadMemory at 0x258d1e13218 of 118 bytes failed: Only part of a ReadProcessMemory or WriteProcessMemory request was completed. (0x12B)
[0529/134302.276:ERROR:process_memory_win.cc(73)] ReadMemory at 0x258d1e13290 of 1258 bytes failed: Only part of a ReadProcessMemory or WriteProcessMemory request was completed. (0x12B)
[0529/134302.276:ERROR:process_memory_win.cc(73)] ReadMemory at 0x258d1e1377c of 118 bytes failed: Only part of a ReadProcessMemory or WriteProcessMemory request was completed. (0x12B)
[0529/134302.276:ERROR:process_memory_win.cc(73)] ReadMemory at 0x258d1e137f4 of 94 bytes failed: Only part of a ReadProcessMemory or WriteProcessMemory request was completed. (0x12B)
[0529/134302.276:ERROR:process_memory_win.cc(73)] ReadMemory at 0x258d1e13860 of 58 bytes failed: Only part of a ReadProcessMemory or WriteProcessMemory request was completed. (0x12B)
[0529/134302.276:ERROR:process_memory_win.cc(73)] ReadMemory at 0x258d1e13960 of 132 bytes failed: Only part of a ReadProcessMemory or WriteProcessMemory request was completed. (0x12B)
[0529/134302.276:ERROR:process_memory_win.cc(73)] ReadMemory at 0x258d1e13af0 of 132 bytes failed: Only part of a ReadProcessMemory or WriteProcessMemory request was completed. (0x12B)
[0529/134302.276:ERROR:process_memory_win.cc(73)] ReadMemory at 0x258d1e13cb0 of 124 bytes failed: Only part of a ReadProcessMemory or WriteProcessMemory request was completed. (0x12B)
[0529/134302.276:ERROR:process_memory_win.cc(73)] ReadMemory at 0x258d1e14090 of 132 bytes failed: Only part of a ReadProcessMemory or WriteProcessMemory request was completed. (0x12B)
[0529/134302.277:ERROR:process_memory_win.cc(73)] ReadMemory at 0x258d1e14220 of 64 bytes failed: Only part of a ReadProcessMemory or WriteProcessMemory request was completed. (0x12B)
[0529/134302.277:ERROR:process_memory_win.cc(73)] ReadMemory at 0x258d1e14270 of 132 bytes failed: Only part of a ReadProcessMemory or WriteProcessMemory request was completed. (0x12B)
[0529/134302.277:ERROR:process_memory_win.cc(73)] ReadMemory at 0x258d1e143e0 of 132 bytes failed: Only part of a ReadProcessMemory or WriteProcessMemory request was completed. (0x12B)
[0529/134302.277:ERROR:process_memory_win.cc(73)] ReadMemory at 0x258d1e14680 of 132 bytes failed: Only part of a ReadProcessMemory or WriteProcessMemory request was completed. (0x12B)
[0529/134302.277:ERROR:process_memory_win.cc(73)] ReadMemory at 0x258d1e14810 of 68 bytes failed: Only part of a ReadProcessMemory or WriteProcessMemory request was completed. (0x12B)
[0529/134302.277:ERROR:process_memory_win.cc(73)] ReadMemory at 0x258d1e15890 of 144 bytes failed: Only part of a ReadProcessMemory or WriteProcessMemory request was completed. (0x12B)
[0529/134302.277:ERROR:process_memory_win.cc(73)] ReadMemory at 0x258d1e15970 of 132 bytes failed: Only part of a ReadProcessMemory or WriteProcessMemory request was completed. (0x12B)
[0529/134302.277:ERROR:process_memory_win.cc(73)] ReadMemory at 0x258d1e15b00 of 152 bytes failed: Only part of a ReadProcessMemory or WriteProcessMemory request was completed. (0x12B)
[0529/134302.277:ERROR:process_memory_win.cc(73)] ReadMemory at 0x258d1e168f0 of 132 bytes failed: Only part of a ReadProcessMemory or WriteProcessMemory request was completed. (0x12B)
[0529/134302.277:ERROR:process_memory_win.cc(73)] ReadMemory at 0x258d1e16a20 of 60 bytes failed: Only part of a ReadProcessMemory or WriteProcessMemory request was completed. (0x12B)
[0529/134302.277:ERROR:process_memory_win.cc(73)] ReadMemory at 0x258d1e17dc0 of 62 bytes failed: Only part of a ReadProcessMemory or WriteProcessMemory request was completed. (0x12B)
[0529/134302.277:ERROR:process_memory_win.cc(73)] ReadMemory at 0x258d1e1abe0 of 132 bytes failed: Only part of a ReadProcessMemory or WriteProcessMemory request was completed. (0x12B)
[0529/134302.277:ERROR:process_memory_win.cc(73)] ReadMemory at 0x258d1e1bec0 of 62 bytes failed: Only part of a ReadProcessMemory or WriteProcessMemory request was completed. (0x12B)
[0529/134302.277:ERROR:process_memory_win.cc(73)] ReadMemory at 0x258d1e1bf60 of 64 bytes failed: Only part of a ReadProcessMemory or WriteProcessMemory request was completed. (0x12B)
[0529/134302.278:ERROR:process_memory_win.cc(73)] ReadMemory at 0x258d1e1c050 of 64 bytes failed: Only part of a ReadProcessMemory or WriteProcessMemory request was completed. (0x12B)
[0529/134302.278:ERROR:process_memory_win.cc(73)] ReadMemory at 0x258d1e1c0a0 of 66 bytes failed: Only part of a ReadProcessMemory or WriteProcessMemory request was completed. (0x12B)
[0529/134302.279:ERROR:process_memory_win.cc(73)] ReadMemory at 0x258d1e1c0f0 of 62 bytes failed: Only part of a ReadProcessMemory or WriteProcessMemory request was completed. (0x12B)
[0529/134302.279:ERROR:process_memory_win.cc(73)] ReadMemory at 0x258d1e1c190 of 64 bytes failed: Only part of a ReadProcessMemory or WriteProcessMemory request was completed. (0x12B)
[0529/134302.279:ERROR:process_memory_win.cc(73)] ReadMemory at 0x258d1e1c3c0 of 64 bytes failed: Only part of a ReadProcessMemory or WriteProcessMemory request was completed. (0x12B)
[0529/134302.279:ERROR:process_memory_win.cc(73)] ReadMemory at 0x258d1e1c460 of 60 bytes failed: Only part of a ReadProcessMemory or WriteProcessMemory request was completed. (0x12B)
[0529/134302.279:ERROR:process_memory_win.cc(73)] ReadMemory at 0x258d1e1c500 of 60 bytes failed: Only part of a ReadProcessMemory or WriteProcessMemory request was completed. (0x12B)
[0529/134302.279:ERROR:process_memory_win.cc(73)] ReadMemory at 0x258d1e1c630 of 132 bytes failed: Only part of a ReadProcessMemory or WriteProcessMemory request was completed. (0x12B)
[0529/134302.279:ERROR:process_memory_win.cc(73)] ReadMemory at 0x258d1e1c800 of 132 bytes failed: Only part of a ReadProcessMemory or WriteProcessMemory request was completed. (0x12B)
[0529/134302.279:ERROR:process_memory_win.cc(73)] ReadMemory at 0x258d1e1c990 of 80 bytes failed: Only part of a ReadProcessMemory or WriteProcessMemory request was completed. (0x12B)
[0529/134302.279:ERROR:process_memory_win.cc(73)] ReadMemory at 0x258d1e1d180 of 80 bytes failed: Only part of a ReadProcessMemory or WriteProcessMemory request was completed. (0x12B)
[0529/134302.279:ERROR:process_memory_win.cc(73)] ReadMemory at 0x258d1e1d360 of 76 bytes failed: Only part of a ReadProcessMemory or WriteProcessMemory request was completed. (0x12B)
[0529/134302.279:ERROR:process_memory_win.cc(73)] ReadMemory at 0x258d1e1d6c0 of 78 bytes failed: Only part of a ReadProcessMemory or WriteProcessMemory request was completed. (0x12B)
[0529/134302.279:ERROR:process_memory_win.cc(73)] ReadMemory at 0x258d1e202f0 of 54 bytes failed: Only part of a ReadProcessMemory or WriteProcessMemory request was completed. (0x12B)
[0529/134302.279:ERROR:process_memory_win.cc(73)] ReadMemory at 0x258d1e212e0 of 132 bytes failed: Only part of a ReadProcessMemory or WriteProcessMemory request was completed. (0x12B)
[0529/134302.279:ERROR:process_memory_win.cc(73)] ReadMemory at 0x258d1e221b0 of 132 bytes failed: Only part of a ReadProcessMemory or WriteProcessMemory request was completed. (0x12B)
[0529/134302.280:ERROR:process_memory_win.cc(73)] ReadMemory at 0x258d1e255d0 of 132 bytes failed: Only part of a ReadProcessMemory or WriteProcessMemory request was completed. (0x12B)
[0529/134302.280:ERROR:process_memory_win.cc(73)] ReadMemory at 0x258d1e25700 of 132 bytes failed: Only part of a ReadProcessMemory or WriteProcessMemory request was completed. (0x12B)
[0529/134302.280:ERROR:process_memory_win.cc(73)] ReadMemory at 0x258d1e25a60 of 132 bytes failed: Only part of a ReadProcessMemory or WriteProcessMemory request was completed. (0x12B)
[0529/134302.280:ERROR:process_memory_win.cc(73)] ReadMemory at 0x258d1e25c70 of 132 bytes failed: Only part of a ReadProcessMemory or WriteProcessMemory request was completed. (0x12B)
[0529/134302.280:ERROR:process_memory_win.cc(73)] ReadMemory at 0x258d1e25fa0 of 132 bytes failed: Only part of a ReadProcessMemory or WriteProcessMemory request was completed. (0x12B)
[0529/134302.280:ERROR:process_memory_win.cc(73)] ReadMemory at 0x258d1e260d0 of 132 bytes failed: Only part of a ReadProcessMemory or WriteProcessMemory request was completed. (0x12B)
[0529/134302.280:ERROR:process_memory_win.cc(73)] ReadMemory at 0x258d1e26200 of 132 bytes failed: Only part of a ReadProcessMemory or WriteProcessMemory request was completed. (0x12B)
[0529/134302.280:ERROR:process_memory_win.cc(73)] ReadMemory at 0x258d1e26330 of 132 bytes failed: Only part of a ReadProcessMemory or WriteProcessMemory request was completed. (0x12B)
[0529/134302.280:ERROR:process_memory_win.cc(73)] ReadMemory at 0x258d1e26460 of 132 bytes failed: Only part of a ReadProcessMemory or WriteProcessMemory request was completed. (0x12B)
[0529/134302.280:ERROR:process_memory_win.cc(73)] ReadMemory at 0x258d1e26590 of 132 bytes failed: Only part of a ReadProcessMemory or WriteProcessMemory request was completed. (0x12B)
[0529/134302.280:ERROR:process_memory_win.cc(73)] ReadMemory at 0x258d1e266c0 of 132 bytes failed: Only part of a ReadProcessMemory or WriteProcessMemory request was completed. (0x12B)
[0529/134302.280:ERROR:process_memory_win.cc(73)] ReadMemory at 0x258d1e267f0 of 132 bytes failed: Only part of a ReadProcessMemory or WriteProcessMemory request was completed. (0x12B)
[0529/134302.280:ERROR:process_memory_win.cc(73)] ReadMemory at 0x258d1e26920 of 132 bytes failed: Only part of a ReadProcessMemory or WriteProcessMemory request was completed. (0x12B)
[0529/134302.280:ERROR:process_memory_win.cc(73)] ReadMemory at 0x258d1e26a50 of 132 bytes failed: Only part of a ReadProcessMemory or WriteProcessMemory request was completed. (0x12B)
[0529/134302.280:ERROR:process_memory_win.cc(73)] ReadMemory at 0x258d1e26b80 of 132 bytes failed: Only part of a ReadProcessMemory or WriteProcessMemory request was completed. (0x12B)
[0529/134302.280:ERROR:process_memory_win.cc(73)] ReadMemory at 0x258d1e26cb0 of 132 bytes failed: Only part of a ReadProcessMemory or WriteProcessMemory request was completed. (0x12B)
[0529/134302.280:ERROR:process_memory_win.cc(73)] ReadMemory at 0x258d1e26fb0 of 62 bytes failed: Only part of a ReadProcessMemory or WriteProcessMemory request was completed. (0x12B)
[0529/134302.280:ERROR:process_memory_win.cc(73)] ReadMemory at 0x258d1e270a0 of 60 bytes failed: Only part of a ReadProcessMemory or WriteProcessMemory request was completed. (0x12B)
[0529/134302.280:ERROR:process_memory_win.cc(73)] ReadMemory at 0x258d1e270f0 of 58 bytes failed: Only part of a ReadProcessMemory or WriteProcessMemory request was completed. (0x12B)
[0529/134302.280:ERROR:process_memory_win.cc(73)] ReadMemory at 0x258d1e27140 of 64 bytes failed: Only part of a ReadProcessMemory or WriteProcessMemory request was completed. (0x12B)
[0529/134302.281:ERROR:process_memory_win.cc(73)] ReadMemory at 0x258d1e27190 of 62 bytes failed: Only part of a ReadProcessMemory or WriteProcessMemory request was completed. (0x12B)
[0529/134302.281:ERROR:process_memory_win.cc(73)] ReadMemory at 0x258d1e27550 of 62 bytes failed: Only part of a ReadProcessMemory or WriteProcessMemory request was completed. (0x12B)
[0529/134302.281:ERROR:process_memory_win.cc(73)] ReadMemory at 0x258d1e27690 of 64 bytes failed: Only part of a ReadProcessMemory or WriteProcessMemory request was completed. (0x12B)
[0529/134302.281:ERROR:process_memory_win.cc(73)] ReadMemory at 0x258d1e27820 of 60 bytes failed: Only part of a ReadProcessMemory or WriteProcessMemory request was completed. (0x12B)
[0529/134302.281:ERROR:process_memory_win.cc(73)] ReadMemory at 0x258d1e278c0 of 60 bytes failed: Only part of a ReadProcessMemory or WriteProcessMemory request was completed. (0x12B)
[0529/134302.281:ERROR:process_memory_win.cc(73)] ReadMemory at 0x258d1e27910 of 62 bytes failed: Only part of a ReadProcessMemory or WriteProcessMemory request was completed. (0x12B)
[0529/134302.281:ERROR:process_memory_win.cc(73)] ReadMemory at 0x258d1e27960 of 62 bytes failed: Only part of a ReadProcessMemory or WriteProcessMemory request was completed. (0x12B)
[0529/134302.281:ERROR:process_memory_win.cc(73)] ReadMemory at 0x258d1e279b0 of 66 bytes failed: Only part of a ReadProcessMemory or WriteProcessMemory request was completed. (0x12B)
[0529/134302.281:ERROR:process_memory_win.cc(73)] ReadMemory at 0x258d1e27af0 of 62 bytes failed: Only part of a ReadProcessMemory or WriteProcessMemory request was completed. (0x12B)
[0529/134302.281:ERROR:process_memory_win.cc(73)] ReadMemory at 0x258d1e27be0 of 64 bytes failed: Only part of a ReadProcessMemory or WriteProcessMemory request was completed. (0x12B)
[0529/134302.281:ERROR:process_memory_win.cc(73)] ReadMemory at 0x258d1e27c30 of 64 bytes failed: Only part of a ReadProcessMemory or WriteProcessMemory request was completed. (0x12B)
[0529/134302.281:ERROR:process_memory_win.cc(73)] ReadMemory at 0x258d1e27c80 of 60 bytes failed: Only part of a ReadProcessMemory or WriteProcessMemory request was completed. (0x12B)
[0529/134302.281:ERROR:process_memory_win.cc(73)] ReadMemory at 0x258d1e27e60 of 62 bytes failed: Only part of a ReadProcessMemory or WriteProcessMemory request was completed. (0x12B)
[0529/134302.281:ERROR:process_memory_win.cc(73)] ReadMemory at 0x258d1e27f00 of 62 bytes failed: Only part of a ReadProcessMemory or WriteProcessMemory request was completed. (0x12B)
[0529/134302.281:ERROR:process_memory_win.cc(73)] ReadMemory at 0x258d1e27fc0 of 132 bytes failed: Only part of a ReadProcessMemory or WriteProcessMemory request was completed. (0x12B)
[0529/134302.281:ERROR:process_memory_win.cc(73)] ReadMemory at 0x258d1e280f0 of 132 bytes failed: Only part of a ReadProcessMemory or WriteProcessMemory request was completed. (0x12B)
[0529/134302.281:ERROR:process_memory_win.cc(73)] ReadMemory at 0x258d1e28220 of 132 bytes failed: Only part of a ReadProcessMemory or WriteProcessMemory request was completed. (0x12B)
[0529/134302.281:ERROR:process_memory_win.cc(73)] ReadMemory at 0x258d1e28350 of 132 bytes failed: Only part of a ReadProcessMemory or WriteProcessMemory request was completed. (0x12B)
[0529/134302.281:ERROR:process_memory_win.cc(73)] ReadMemory at 0x258d1e285b0 of 132 bytes failed: Only part of a ReadProcessMemory or WriteProcessMemory request was completed. (0x12B)
[0529/134302.281:ERROR:process_memory_win.cc(73)] ReadMemory at 0x258d1e28810 of 132 bytes failed: Only part of a ReadProcessMemory or WriteProcessMemory request was completed. (0x12B)
[0529/134302.282:ERROR:process_memory_win.cc(73)] ReadMemory at 0x258d1e28940 of 132 bytes failed: Only part of a ReadProcessMemory or WriteProcessMemory request was completed. (0x12B)
[0529/134302.282:ERROR:process_memory_win.cc(73)] ReadMemory at 0x258d1e28a70 of 132 bytes failed: Only part of a ReadProcessMemory or WriteProcessMemory request was completed. (0x12B)
[0529/134302.282:ERROR:process_memory_win.cc(73)] ReadMemory at 0x258d1e28ba0 of 132 bytes failed: Only part of a ReadProcessMemory or WriteProcessMemory request was completed. (0x12B)
[0529/134302.282:ERROR:process_memory_win.cc(73)] ReadMemory at 0x258d1e29060 of 132 bytes failed: Only part of a ReadProcessMemory or WriteProcessMemory request was completed. (0x12B)
[0529/134302.282:ERROR:process_memory_win.cc(73)] ReadMemory at 0x258d1e29190 of 132 bytes failed: Only part of a ReadProcessMemory or WriteProcessMemory request was completed. (0x12B)
[0529/134302.282:ERROR:process_memory_win.cc(73)] ReadMemory at 0x258d1e292c0 of 132 bytes failed: Only part of a ReadProcessMemory or WriteProcessMemory request was completed. (0x12B)
[0529/134302.282:ERROR:process_memory_win.cc(73)] ReadMemory at 0x258d1e293f0 of 132 bytes failed: Only part of a ReadProcessMemory or WriteProcessMemory request was completed. (0x12B)
[0529/134302.282:ERROR:process_memory_win.cc(73)] ReadMemory at 0x258d1e29520 of 132 bytes failed: Only part of a ReadProcessMemory or WriteProcessMemory request was completed. (0x12B)
[0529/134302.282:ERROR:process_memory_win.cc(73)] ReadMemory at 0x258d1e29650 of 132 bytes failed: Only part of a ReadProcessMemory or WriteProcessMemory request was completed. (0x12B)
[0529/134302.282:ERROR:process_memory_win.cc(73)] ReadMemory at 0x258d1e29780 of 132 bytes failed: Only part of a ReadProcessMemory or WriteProcessMemory request was completed. (0x12B)
[0529/134302.282:ERROR:process_memory_win.cc(73)] ReadMemory at 0x258d1e298b0 of 132 bytes failed: Only part of a ReadProcessMemory or WriteProcessMemory request was completed. (0x12B)
[0529/134302.282:ERROR:process_memory_win.cc(73)] ReadMemory at 0x258d1e299e0 of 132 bytes failed: Only part of a ReadProcessMemory or WriteProcessMemory request was completed. (0x12B)
[0529/134302.282:ERROR:process_memory_win.cc(73)] ReadMemory at 0x258d1e29b10 of 132 bytes failed: Only part of a ReadProcessMemory or WriteProcessMemory request was completed. (0x12B)
[0529/134302.282:ERROR:process_memory_win.cc(73)] ReadMemory at 0x258d1e29c40 of 132 bytes failed: Only part of a ReadProcessMemory or WriteProcessMemory request was completed. (0x12B)
[0529/134302.282:ERROR:process_memory_win.cc(73)] ReadMemory at 0x258d1e29d70 of 132 bytes failed: Only part of a ReadProcessMemory or WriteProcessMemory request was completed. (0x12B)
[0529/134302.282:ERROR:process_memory_win.cc(73)] ReadMemory at 0x258d1e3be90 of 62 bytes failed: Only part of a ReadProcessMemory or WriteProcessMemory request was completed. (0x12B)
[0529/134302.282:ERROR:process_memory_win.cc(73)] ReadMemory at 0x258d1e3c070 of 58 bytes failed: Only part of a ReadProcessMemory or WriteProcessMemory request was completed. (0x12B)
[0529/134302.282:ERROR:process_memory_win.cc(73)] ReadMemory at 0x258d1e3c0c0 of 62 bytes failed: Only part of a ReadProcessMemory or WriteProcessMemory request was completed. (0x12B)
[0529/134302.282:ERROR:process_memory_win.cc(73)] ReadMemory at 0x258d1e3c110 of 60 bytes failed: Only part of a ReadProcessMemory or WriteProcessMemory request was completed. (0x12B)
[0529/134302.282:ERROR:process_memory_win.cc(73)] ReadMemory at 0x258d1e3c160 of 58 bytes failed: Only part of a ReadProcessMemory or WriteProcessMemory request was completed. (0x12B)
[0529/134302.283:ERROR:process_memory_win.cc(73)] ReadMemory at 0x258d1e3c430 of 64 bytes failed: Only part of a ReadProcessMemory or WriteProcessMemory request was completed. (0x12B)
[0529/134302.283:ERROR:process_memory_win.cc(73)] ReadMemory at 0x258d1e3c570 of 60 bytes failed: Only part of a ReadProcessMemory or WriteProcessMemory request was completed. (0x12B)
[0529/134302.283:ERROR:process_memory_win.cc(73)] ReadMemory at 0x258d1e3c7f0 of 58 bytes failed: Only part of a ReadProcessMemory or WriteProcessMemory request was completed. (0x12B)
[0529/134302.283:ERROR:process_memory_win.cc(73)] ReadMemory at 0x258d1e3c930 of 66 bytes failed: Only part of a ReadProcessMemory or WriteProcessMemory request was completed. (0x12B)
[0529/134302.283:ERROR:process_memory_win.cc(73)] ReadMemory at 0x258d1e3cc00 of 62 bytes failed: Only part of a ReadProcessMemory or WriteProcessMemory request was completed. (0x12B)
[0529/134302.283:ERROR:process_memory_win.cc(73)] ReadMemory at 0x258d1e47d70 of 512 bytes failed: Only part of a ReadProcessMemory or WriteProcessMemory request was completed. (0x12B)
[0529/134302.283:ERROR:process_memory_win.cc(73)] ReadMemory at 0x258d1e48ce0 of 512 bytes failed: Only part of a ReadProcessMemory or WriteProcessMemory request was completed. (0x12B)
[0529/134302.283:ERROR:process_memory_win.cc(73)] ReadMemory at 0x258d1e48f50 of 512 bytes failed: Only part of a ReadProcessMemory or WriteProcessMemory request was completed. (0x12B)
[0529/134302.283:ERROR:process_memory_win.cc(73)] ReadMemory at 0x258d2040000 of 384 bytes failed: Only part of a ReadProcessMemory or WriteProcessMemory request was completed. (0x12B)
[0529/134302.283:ERROR:process_memory_win.cc(73)] ReadMemory at 0x258d204022c of 512 bytes failed: Only part of a ReadProcessMemory or WriteProcessMemory request was completed. (0x12B)
[0529/134302.283:ERROR:process_memory_win.cc(73)] ReadMemory at 0x258d2040d00 of 896 bytes failed: Only part of a ReadProcessMemory or WriteProcessMemory request was completed. (0x12B)
[0529/134302.283:ERROR:process_memory_win.cc(73)] ReadMemory at 0x258d2041840 of 512 bytes failed: Only part of a ReadProcessMemory or WriteProcessMemory request was completed. (0x12B)
[0529/134302.283:ERROR:process_memory_win.cc(73)] ReadMemory at 0x258d2041fc0 of 512 bytes failed: Only part of a ReadProcessMemory or WriteProcessMemory request was completed. (0x12B)
[0529/134302.283:ERROR:process_memory_win.cc(73)] ReadMemory at 0x258d2042bc0 of 512 bytes failed: Only part of a ReadProcessMemory or WriteProcessMemory request was completed. (0x12B)
[0529/134302.284:ERROR:process_memory_win.cc(73)] ReadMemory at 0x258d2574020 of 512 bytes failed: Only part of a ReadProcessMemory or WriteProcessMemory request was completed. (0x12B)
[0529/134302.284:ERROR:process_memory_win.cc(73)] ReadMemory at 0x258d259df30 of 712 bytes failed: Only part of a ReadProcessMemory or WriteProcessMemory request was completed. (0x12B)
[0529/134302.284:ERROR:process_memory_win.cc(73)] ReadMemory at 0x258d25bdcc0 of 512 bytes failed: Only part of a ReadProcessMemory or WriteProcessMemory request was completed. (0x12B)
[0529/134302.284:ERROR:process_memory_win.cc(73)] ReadMemory at 0x258d3e13380 of 512 bytes failed: Only part of a ReadProcessMemory or WriteProcessMemory request was completed. (0x12B)
[0529/134302.284:ERROR:process_memory_win.cc(73)] ReadMemory at 0x258d3e8b528 of 512 bytes failed: Only part of a ReadProcessMemory or WriteProcessMemory request was completed. (0x12B)
[0529/134302.284:ERROR:process_memory_win.cc(73)] ReadMemory at 0x258d674a2b0 of 512 bytes failed: Only part of a ReadProcessMemory or WriteProcessMemory request was completed. (0x12B)
[0529/134302.284:ERROR:process_memory_win.cc(73)] ReadMemory at 0x258d68b10c0 of 512 bytes failed: Only part of a ReadProcessMemory or WriteProcessMemory request was completed. (0x12B)
[0529/134302.284:ERROR:process_memory_win.cc(73)] ReadMemory at 0x258d6e59ae0 of 512 bytes failed: Only part of a ReadProcessMemory or WriteProcessMemory request was completed. (0x12B)
[0529/134302.284:ERROR:process_memory_win.cc(73)] ReadMemory at 0x398f3dd52150 of 512 bytes failed: Only part of a ReadProcessMemory or WriteProcessMemory request was completed. (0x12B)
[0529/134302.284:ERROR:process_memory_win.cc(73)] ReadMemory at 0x40ca9bb1c7c8 of 512 bytes failed: Only part of a ReadProcessMemory or WriteProcessMemory request was completed. (0x12B)
[0529/134302.284:ERROR:process_memory_win.cc(73)] ReadMemory at 0x4abc387efea8 of 512 bytes failed: Only part of a ReadProcessMemory or WriteProcessMemory request was completed. (0x12B)
[0529/134302.285:ERROR:process_memory_win.cc(73)] ReadMemory at 0x53fce8ea7d58 of 512 bytes failed: Only part of a ReadProcessMemory or WriteProcessMemory request was completed. (0x12B)
[0529/134302.285:ERROR:process_memory_win.cc(73)] ReadMemory at 0x64e16f6077a8 of 512 bytes failed: Only part of a ReadProcessMemory or WriteProcessMemory request was completed. (0x12B)
[0529/134302.285:ERROR:process_memory_win.cc(73)] ReadMemory at 0x7ffe72f82c60 of 512 bytes failed: Only part of a ReadProcessMemory or WriteProcessMemory request was completed. (0x12B)
[0529/134302.285:ERROR:process_memory_win.cc(73)] ReadMemory at 0x7ffe7384806c of 512 bytes failed: Only part of a ReadProcessMemory or WriteProcessMemory request was completed. (0x12B)
[0529/134302.285:ERROR:process_memory_win.cc(73)] ReadMemory at 0x7ffe756aee33 of 512 bytes failed: Only part of a ReadProcessMemory or WriteProcessMemory request was completed. (0x12B)
[0529/134302.285:ERROR:process_memory_win.cc(73)] ReadMemory at 0x7ffe77fdd9a0 of 512 bytes failed: Only part of a ReadProcessMemory or WriteProcessMemory request was completed. (0x12B)
[0529/134302.285:ERROR:process_memory_win.cc(73)] ReadMemory at 0x7ffea23ca719 of 512 bytes failed: Only part of a ReadProcessMemory or WriteProcessMemory request was completed. (0x12B)
[0529/134302.285:ERROR:process_memory_win.cc(73)] ReadMemory at 0x7ffea25fc6e0 of 512 bytes failed: Only part of a ReadProcessMemory or WriteProcessMemory request was completed. (0x12B)
[0529/134302.285:ERROR:process_memory_win.cc(73)] ReadMemory at 0x7ffea4d7c3bf of 512 bytes failed: Only part of a ReadProcessMemory or WriteProcessMemory request was completed. (0x12B)
[0529/134302.285:ERROR:process_memory_win.cc(73)] ReadMemory at 0x7ffea4dcc49e of 512 bytes failed: Only part of a ReadProcessMemory or WriteProcessMemory request was completed. (0x12B)
[0529/134302.286:ERROR:process_memory_win.cc(73)] ReadMemory at 0x7ffea4ddc074 of 672 bytes failed: Only part of a ReadProcessMemory or WriteProcessMemory request was completed. (0x12B)
[0529/134302.286:ERROR:process_memory_win.cc(73)] ReadMemory at 0x7ffea4ddc674 of 512 bytes failed: Only part of a ReadProcessMemory or WriteProcessMemory request was completed. (0x12B)
[0529/134302.286:ERROR:process_memory_win.cc(73)] ReadMemory at 0x7ffea4ddf924 of 608 bytes failed: Only part of a ReadProcessMemory or WriteProcessMemory request was completed. (0x12B)
[0529/134302.286:ERROR:process_memory_win.cc(73)] ReadMemory at 0x7ffea4e6c428 of 18 bytes failed: Only part of a ReadProcessMemory or WriteProcessMemory request was completed. (0x12B)
[0529/134302.286:ERROR:process_memory_win.cc(73)] ReadMemory at 0x7ffea4e9f4f8 of 40 bytes failed: Only part of a ReadProcessMemory or WriteProcessMemory request was completed. (0x12B)
[0529/134302.286:ERROR:process_memory_win.cc(73)] ReadMemory at 0x7ffea4e9f978 of 48 bytes failed: Only part of a ReadProcessMemory or WriteProcessMemory request was completed. (0x12B)
[0529/134302.286:ERROR:process_memory_win.cc(73)] ReadMemory at 0x7ffea4ea53c0 of 64 bytes failed: Only part of a ReadProcessMemory or WriteProcessMemory request was completed. (0x12B)
[0529/134302.289:ERROR:scoped_process_suspend.cc(40)] NtResumeProcess: An attempt was made to access an exiting process. (0xc000010a)
[0529/145610.285:ERROR:process_reader_win.cc(123)] NtOpenThread: {Access Denied} A process has requested access to an object, but has not been granted those access rights. (0xc0000022)
[0529/145610.289:ERROR:exception_snapshot_win.cc(98)] thread ID 3720 not found in process
[0529/145610.439:ERROR:process_reader_win.cc(123)] NtOpenThread: {Access Denied} A process has requested access to an object, but has not been granted those access rights. (0xc0000022)
[0529/145610.442:ERROR:exception_snapshot_win.cc(98)] thread ID 16520 not found in process
[0529/145610.488:ERROR:process_reader_win.cc(123)] NtOpenThread: {Access Denied} A process has requested access to an object, but has not been granted those access rights. (0xc0000022)
[0529/145610.499:ERROR:exception_snapshot_win.cc(98)] thread ID 13900 not found in process
[0529/150224.602:ERROR:process_reader_win.cc(123)] NtOpenThread: {Access Denied} A process has requested access to an object, but has not been granted those access rights. (0xc0000022)
[0529/150224.606:ERROR:exception_snapshot_win.cc(98)] thread ID 16744 not found in process
[0529/151117.856:ERROR:process_reader_win.cc(123)] NtOpenThread: {Access Denied} A process has requested access to an object, but has not been granted those access rights. (0xc0000022)
[0529/151117.862:ERROR:exception_snapshot_win.cc(98)] thread ID 14604 not found in process
[0529/151118.043:ERROR:process_reader_win.cc(123)] NtOpenThread: {Access Denied} A process has requested access to an object, but has not been granted those access rights. (0xc0000022)
[0529/151118.043:ERROR:exception_snapshot_win.cc(98)] thread ID 17500 not found in process
[0529/151118.095:ERROR:process_reader_win.cc(123)] NtOpenThread: {Access Denied} A process has requested access to an object, but has not been granted those access rights. (0xc0000022)
[0529/151118.095:ERROR:exception_snapshot_win.cc(98)] thread ID 7836 not found in process
[0529/151141.392:ERROR:process_reader_win.cc(151)] SuspendThread: Access is denied. (0x5)
[0529/151141.394:ERROR:process_reader_win.cc(123)] NtOpenThread: {Access Denied} A process has requested access to an object, but has not been granted those access rights. (0xc0000022)
[0529/151141.396:ERROR:exception_snapshot_win.cc(98)] thread ID 18536 not found in process
[0529/151141.608:ERROR:process_reader_win.cc(123)] NtOpenThread: {Access Denied} A process has requested access to an object, but has not been granted those access rights. (0xc0000022)
[0529/151141.608:ERROR:exception_snapshot_win.cc(98)] thread ID 8 not found in process
[0529/151141.642:ERROR:process_reader_win.cc(123)] NtOpenThread: {Access Denied} A process has requested access to an object, but has not been granted those access rights. (0xc0000022)
[0529/151141.643:ERROR:exception_snapshot_win.cc(98)] thread ID 15176 not found in process
[0529/153532.745:ERROR:process_reader_win.cc(123)] NtOpenThread: {Access Denied} A process has requested access to an object, but has not been granted those access rights. (0xc0000022)
[0529/153532.748:ERROR:exception_snapshot_win.cc(98)] thread ID 19692 not found in process
[0529/153532.942:ERROR:process_reader_win.cc(123)] NtOpenThread: {Access Denied} A process has requested access to an object, but has not been granted those access rights. (0xc0000022)
[0529/153532.943:ERROR:exception_snapshot_win.cc(98)] thread ID 5720 not found in process
[0529/153532.961:ERROR:process_reader_win.cc(123)] NtOpenThread: {Access Denied} A process has requested access to an object, but has not been granted those access rights. (0xc0000022)
[0529/153532.962:ERROR:exception_snapshot_win.cc(98)] thread ID 15176 not found in process
[0529/161500.669:ERROR:process_reader_win.cc(123)] NtOpenThread: {Access Denied} A process has requested access to an object, but has not been granted those access rights. (0xc0000022)
[0529/161500.671:ERROR:exception_snapshot_win.cc(98)] thread ID 11932 not found in process
[0529/161500.716:ERROR:process_reader_win.cc(123)] NtOpenThread: {Access Denied} A process has requested access to an object, but has not been granted those access rights. (0xc0000022)
[0529/161500.716:ERROR:exception_snapshot_win.cc(98)] thread ID 14692 not found in process
[0529/163707.825:ERROR:process_reader_win.cc(123)] NtOpenThread: {Access Denied} A process has requested access to an object, but has not been granted those access rights. (0xc0000022)
[0529/163707.829:ERROR:exception_snapshot_win.cc(98)] thread ID 15324 not found in process
